<?xml version="1.0" encoding="UTF-8"?>
<!-- Generated by org.testng.reporters.JUnitReportReporter -->
<testsuite hostname="YCSLAP0921" failures="0" tests="1" name="org.testRunners.TestRunner" time="185.486" errors="0" timestamp="2024-05-30T17:08:42 IST" skipped="0">
  <testcase classname="org.testRunners.TestRunner" name="runScenario" time="185.486"/>
  <system-out/>
</testsuite> <!-- org.testRunners.TestRunner -->
