<?xml version="1.0" encoding="UTF-8"?>
<!-- Generated by org.testng.reporters.JUnitReportReporter -->
<testsuite hostname="YCSLAP0921" failures="0" tests="5" name="org.FailtestRunner.FailTestRunner" time="123.239" errors="0" timestamp="2024-05-23T19:05:46 IST" skipped="0">
  <testcase classname="org.FailtestRunner.FailTestRunner" name="runScenario" time="41.320"/>
  <system-out/>
  <testcase classname="org.FailtestRunner.FailTestRunner" name="runScenario" time="13.393"/>
  <system-out/>
  <testcase classname="org.FailtestRunner.FailTestRunner" name="runScenario" time="18.581"/>
  <system-out/>
  <testcase classname="org.FailtestRunner.FailTestRunner" name="runScenario" time="39.456"/>
  <system-out/>
  <testcase classname="org.FailtestRunner.FailTestRunner" name="runScenario" time="10.489"/>
  <system-out/>
</testsuite> <!-- org.FailtestRunner.FailTestRunner -->
